<?xml version="1.0" encoding="utf-8"?><testsuites name="pytest tests"><testsuite name="pytest" errors="0" failures="0" skipped="0" tests="30" time="9.466" timestamp="2026-04-18T09:40:19.365189+00:00" hostname="agent-env-a04d82f3-a8d2-46d3-916c-8f12df05203d"><testcase classname="tests.test_electro_etalon.TestHealthAndBasics" name="test_health_endpoint" time="0.004" /><testcase classname="tests.test_electro_etalon.TestHealthAndBasics" name="test_products_empty_on_start" time="0.003" /><testcase classname="tests.test_electro_etalon.TestHealthAndBasics" name="test_categories_empty_on_start" time="0.002" /><testcase classname="tests.test_electro_etalon.TestHealthAndBasics" name="test_banners_empty_on_start" time="0.002" /><testcase classname="tests.test_electro_etalon.TestAuthOTPFlow" name="test_register_request_otp" time="0.007" /><testcase classname="tests.test_electro_etalon.TestAuthOTPFlow" name="test_register_verify_with_otp" time="0.741" /><testcase classname="tests.test_electro_etalon.TestAuthOTPFlow" name="test_login_success" time="0.228" /><testcase classname="tests.test_electro_etalon.TestAuthOTPFlow" name="test_login_invalid_credentials" time="0.228" /><testcase classname="tests.test_electro_etalon.TestAuthOTPFlow" name="test_me_with_token" time="0.231" /><testcase classname="tests.test_electro_etalon.TestAuthOTPFlow" name="test_me_without_token" time="0.001" /><testcase classname="tests.test_electro_etalon.TestAdminPromotion" name="test_admin_can_access_admin_endpoints" time="2.744" /><testcase classname="tests.test_electro_etalon.TestAdminPromotion" name="test_user_cannot_access_admin_endpoints" time="0.231" /><testcase classname="tests.test_electro_etalon.TestCategoriesCRUD" name="test_create_category" time="0.639" /><testcase classname="tests.test_electro_etalon.TestCategoriesCRUD" name="test_list_categories" time="0.002" /><testcase classname="tests.test_electro_etalon.TestCategoriesCRUD" name="test_update_category" time="0.004" /><testcase classname="tests.test_electro_etalon.TestCategoriesCRUD" name="test_reorder_categories" time="0.004" /><testcase classname="tests.test_electro_etalon.TestProductsCRUD" name="test_create_product" time="0.635" /><testcase classname="tests.test_electro_etalon.TestProductsCRUD" name="test_get_product_shows_available" time="0.004" /><testcase classname="tests.test_electro_etalon.TestProductsCRUD" name="test_update_stock" time="0.005" /><testcase classname="tests.test_electro_etalon.TestOrdersAndStockReservation" name="test_create_order_reserves_stock" time="0.641" /><testcase classname="tests.test_electro_etalon.TestOrdersAndStockReservation" name="test_order_qty_exceeds_available_returns_400" time="0.004" /><testcase classname="tests.test_electro_etalon.TestOrdersAndStockReservation" name="test_confirm_order_decreases_stock" time="0.009" /><testcase classname="tests.test_electro_etalon.TestOrdersAndStockReservation" name="test_cancel_new_order_releases_reservation" time="0.009" /><testcase classname="tests.test_electro_etalon.TestBannersCRUD" name="test_create_banner" time="0.637" /><testcase classname="tests.test_electro_etalon.TestBannersCRUD" name="test_list_active_banners" time="0.002" /><testcase classname="tests.test_electro_etalon.TestBannersCRUD" name="test_list_all_banners_admin" time="0.002" /><testcase classname="tests.test_electro_etalon.TestSettings" name="test_get_about_default" time="0.002" /><testcase classname="tests.test_electro_etalon.TestSettings" name="test_update_about" time="0.652" /><testcase classname="tests.test_electro_etalon.TestPasswordReset" name="test_reset_request_otp" time="0.003" /><testcase classname="tests.test_electro_etalon.TestPasswordReset" name="test_reset_confirm_and_login" time="1.695" /></testsuite></testsuites>